Using pre-set license
Built from '2020.3/release' branch; Version is '2020.3.15f2 (6cf78cb77498) revision 7141260'; Using compiler version '192528614'; Build Type 'Release'
OS: 'Windows 10 Home; OS build 18363.1379; Version 1909; 64bit' Language: 'zh' Physical Memory: 16251 MB
BatchMode: 1, IsHumanControllingUs: 0, StartBugReporterOnCrash: 0, Is64bit: 1, IsPro: 0

 COMMAND LINE ARGUMENTS:
C:\Unity\2020.3.15f2\Editor\Unity.exe
-adb2
-batchMode
-noUpm
-name
AssetImportWorker0
-projectPath
C:/Users/Owner/Desktop/Unity/Dungon_Platformer
-logFile
Logs/AssetImportWorker0.log
-srvPort
63985
Successfully changed project path to: C:/Users/Owner/Desktop/Unity/Dungon_Platformer
C:/Users/Owner/Desktop/Unity/Dungon_Platformer
Using Asset Import Pipeline V2.
Refreshing native plugins compatible for Editor in 80.73 ms, found 2 plugins.
Preloading 0 native plugins for Editor in 0.00 ms.
Initialize engine version: 2020.3.15f2 (6cf78cb77498)
[Subsystems] Discovering subsystems at path C:/Unity/2020.3.15f2/Editor/Data/Resources/UnitySubsystems
[Subsystems] Discovering subsystems at path C:/Users/Owner/Desktop/Unity/Dungon_Platformer/Assets
GfxDevice: creating device client; threaded=0
Direct3D:
    Version:  Direct3D 11.0 [level 11.1]
    Renderer: NVIDIA GeForce GTX 970M (ID=0x13d8)
    Vendor:   
    VRAM:     3038 MB
    Driver:   23.21.13.8912
Initialize mono
Mono path[0] = 'C:/Unity/2020.3.15f2/Editor/Data/Managed'
Mono path[1] = 'C:/Unity/2020.3.15f2/Editor/Data/MonoBleedingEdge/lib/mono/unityjit'
Mono config path = 'C:/Unity/2020.3.15f2/Editor/Data/MonoBleedingEdge/etc'
Using monoOptions --debugger-agent=transport=dt_socket,embedding=1,server=y,suspend=n,address=127.0.0.1:56012
Begin MonoManager ReloadAssembly
Registering precompiled unity dll's ...
Register platform support module: C:/Unity/2020.3.15f2/Editor/Data/PlaybackEngines/WebGLSupport/UnityEditor.WebGL.Extensions.dll
Register platform support module: C:/Unity/2020.3.15f2/Editor/Data/PlaybackEngines/WindowsStandaloneSupport/UnityEditor.WindowsStandalone.Extensions.dll
Registered in 0.003367 seconds.
Native extension for WindowsStandalone target not found
Native extension for WebGL target not found
Refreshing native plugins compatible for Editor in 86.52 ms, found 2 plugins.
Preloading 0 native plugins for Editor in 0.00 ms.
Mono: successfully reloaded assembly
- Completed reload, in  1.571 seconds
Domain Reload Profiling:
	ReloadAssembly (1571ms)
		BeginReloadAssembly (76ms)
			ExecutionOrderSort (0ms)
			DisableScriptedObjects (0ms)
			BackupInstance (0ms)
			ReleaseScriptingObjects (0ms)
			CreateAndSetChildDomain (1ms)
		EndReloadAssembly (622ms)
			LoadAssemblies (73ms)
			RebuildTransferFunctionScriptingTraits (0ms)
			SetupTypeCache (228ms)
			ReleaseScriptCaches (0ms)
			RebuildScriptCaches (43ms)
			SetupLoadedEditorAssemblies (259ms)
				LogAssemblyErrors (0ms)
				InitializePlatformSupportModulesInManaged (7ms)
				SetLoadedEditorAssemblies (0ms)
				RefreshPlugins (87ms)
				BeforeProcessingInitializeOnLoad (14ms)
				ProcessInitializeOnLoadAttributes (113ms)
				ProcessInitializeOnLoadMethodAttributes (38ms)
				AfterProcessingInitializeOnLoad (0ms)
				EditorAssembliesLoaded (0ms)
			ExecutionOrderSort2 (0ms)
			AwakeInstancesAfterBackupRestoration (0ms)
Platform modules already initialized, skipping
Registering precompiled user dll's ...
Registered in 0.006953 seconds.
Begin MonoManager ReloadAssembly
Native extension for WindowsStandalone target not found
Native extension for WebGL target not found
Refreshing native plugins compatible for Editor in 0.89 ms, found 2 plugins.
Preloading 0 native plugins for Editor in 0.00 ms.
Mono: successfully reloaded assembly
- Completed reload, in  1.684 seconds
Domain Reload Profiling:
	ReloadAssembly (1685ms)
		BeginReloadAssembly (203ms)
			ExecutionOrderSort (0ms)
			DisableScriptedObjects (6ms)
			BackupInstance (0ms)
			ReleaseScriptingObjects (0ms)
			CreateAndSetChildDomain (28ms)
		EndReloadAssembly (1390ms)
			LoadAssemblies (124ms)
			RebuildTransferFunctionScriptingTraits (0ms)
			SetupTypeCache (444ms)
			ReleaseScriptCaches (0ms)
			RebuildScriptCaches (72ms)
			SetupLoadedEditorAssemblies (602ms)
				LogAssemblyErrors (0ms)
				InitializePlatformSupportModulesInManaged (9ms)
				SetLoadedEditorAssemblies (0ms)
				RefreshPlugins (1ms)
				BeforeProcessingInitializeOnLoad (148ms)
				ProcessInitializeOnLoadAttributes (419ms)
				ProcessInitializeOnLoadMethodAttributes (16ms)
				AfterProcessingInitializeOnLoad (8ms)
				EditorAssembliesLoaded (0ms)
			ExecutionOrderSort2 (0ms)
			AwakeInstancesAfterBackupRestoration (9ms)
Platform modules already initialized, skipping
========================================================================
Worker process is ready to serve import requests
Launched and connected shader compiler UnityShaderCompiler.exe after 0.13 seconds
Refreshing native plugins compatible for Editor in 0.77 ms, found 2 plugins.
Preloading 0 native plugins for Editor in 0.00 ms.
Unloading 1902 Unused Serialized files (Serialized files now loaded: 0)
System memory in use before: 85.9 MB.
System memory in use after: 85.9 MB.

Unloading 31 unused Assets to reduce memory usage. Loaded Objects now: 2332.
Total: 4.275700 ms (FindLiveObjects: 0.314600 ms CreateObjectMapping: 0.135200 ms MarkObjects: 3.640600 ms  DeleteObjects: 0.183500 ms)

AssetImportParameters requested are different than current active one (requested -> active):
  custom:framework-win-MediaFoundation: 216162199b28c13a410421893ffa2e32 -> 
  custom:video-decoder-ogg-theora: a1e56fd34408186e4bbccfd4996cb3dc -> 
  custom:container-muxer-webm: aa71ff27fc2769a1b78a27578f13a17b -> 
  custom:container-demuxer-webm: 4f35f7cbe854078d1ac9338744f61a02 -> 
  custom:container-demuxer-ogg: 62fdf1f143b41e24485cea50d1cbac27 -> 
  custom:video-encoder-webm-vp8: eb34c28f22e8b96e1ab97ce403110664 -> 
  custom:video-codec-MediaFoundation-h265: 746d11721c4dcdbdad8f713fa42b33f4 -> 
  custom:video-decoder-webm-vp8: 9c59270c3fd7afecdb556c50c9e8de78 -> 
  custom:audio-decoder-ogg-vorbis: bf7c407c2cedff20999df2af8eb42d56 -> 
  custom:audio-encoder-webm-vorbis: bf7c407c2cedff20999df2af8eb42d56 -> 
========================================================================
Received Import Request.
  path: Assets/SoundRPG Orchestral Essentials/MP3/LEGACY - A Tale of Water MP3.mp3
  artifactKey: Guid(305468626e548c24f978e40b8927f713) Importer(815301076,1909f56bfc062723c751e8b465ee728b)
Start importing Assets/SoundRPG Orchestral Essentials/MP3/LEGACY - A Tale of Water MP3.mp3 using Guid(305468626e548c24f978e40b8927f713) Importer(815301076,1909f56bfc062723c751e8b465ee728b)  -> (artifact id: '1f73fe99bf4bc3008c5eef628f5bc7f7') in 0.263565 seconds 
  Import took 0.268340 seconds .

========================================================================
Received Import Request.
  Time since last request: 0.003628 seconds.
  path: Assets/SoundRPG Orchestral Essentials/MP3/LEGACY - A Tale of Water MP3.mp3
  artifactKey: Guid(305468626e548c24f978e40b8927f713) Importer(815301076,1909f56bfc062723c751e8b465ee728b)
Start importing Assets/SoundRPG Orchestral Essentials/MP3/LEGACY - A Tale of Water MP3.mp3 using Guid(305468626e548c24f978e40b8927f713) Importer(815301076,1909f56bfc062723c751e8b465ee728b)  -> (artifact id: '1f73fe99bf4bc3008c5eef628f5bc7f7') in 0.020003 seconds 
  Import took 0.024891 seconds .

========================================================================
Received Import Request.
  Time since last request: 1.392972 seconds.
  path: Assets/SoundRPG Orchestral Essentials/MP3/LEGACY - Can't Stop Winning MP3.mp3
  artifactKey: Guid(2265753964b738a4080454e18df1cfcb) Importer(815301076,1909f56bfc062723c751e8b465ee728b)
Start importing Assets/SoundRPG Orchestral Essentials/MP3/LEGACY - Can't Stop Winning MP3.mp3 using Guid(2265753964b738a4080454e18df1cfcb) Importer(815301076,1909f56bfc062723c751e8b465ee728b)  -> (artifact id: 'a077e7b6596d19162952cd00f5b709b2') in 0.019923 seconds 
  Import took 0.024346 seconds .

========================================================================
Received Import Request.
  Time since last request: 4.633013 seconds.
  path: Assets/SoundRPG Orchestral Essentials/MP3/LEGACY - Encounter of Misdeeds MP3.mp3
  artifactKey: Guid(d63fc41aa021371489bd92f92e2af116) Importer(815301076,1909f56bfc062723c751e8b465ee728b)
Start importing Assets/SoundRPG Orchestral Essentials/MP3/LEGACY - Encounter of Misdeeds MP3.mp3 using Guid(d63fc41aa021371489bd92f92e2af116) Importer(815301076,1909f56bfc062723c751e8b465ee728b)  -> (artifact id: 'b063b9a0e1a79db54eeea2b9f5908ae1') in 0.020583 seconds 
  Import took 0.027136 seconds .

